#-----------------------------------------------------------
# Vivado v2016.4 (64-bit)
# SW Build 1756540 on Mon Jan 23 19:11:23 MST 2017
# IP Build 1755317 on Mon Jan 23 20:30:07 MST 2017
# Start of session at: Thu Jun 22 18:14:08 2017
# Process ID: 16060
# Current directory: C:/Users/Davi Mendes/Documents/PED/PED-2017.1-ULA/ULA
# Command line: vivado.exe -gui_launcher_event rodinguilauncherevent14828 C:\Users\Davi Mendes\Documents\PED\PED-2017.1-ULA\ULA\ULA.xpr
# Log file: C:/Users/Davi Mendes/Documents/PED/PED-2017.1-ULA/ULA/vivado.log
# Journal file: C:/Users/Davi Mendes/Documents/PED/PED-2017.1-ULA/ULA\vivado.jou
#-----------------------------------------------------------
start_gui
open_project {C:/Users/Davi Mendes/Documents/PED/PED-2017.1-ULA/ULA/ULA.xpr}
INFO: [Project 1-313] Project file moved from '/home/guilherme/area/FGA/4.S/PED1-2/PED-2017.1-ULA/ULA' since last save.
Scanning sources...
Finished scanning sources
WARNING: [filemgmt 56-2] IPUserFilesDir: Could not find the directory 'C:/Users/Davi Mendes/Documents/PED/PED-2017.1-ULA/ULA/ULA.ip_user_files', nor could it be found using path 'C:/home/guilherme/area/FGA/4.S/PED1-2/PED-2017.1-ULA/ULA/ULA.ip_user_files'.
INFO: [Project 1-230] Project 'ULA.xpr' upgraded for this version of Vivado.
INFO: [IP_Flow 19-234] Refreshing IP repositories
INFO: [IP_Flow 19-1704] No user IP repositories specified
INFO: [IP_Flow 19-2313] Loaded Vivado IP repository 'C:/Vivado/2016.4/data/ip'.
open_project: Time (s): cpu = 00:00:08 ; elapsed = 00:00:11 . Memory (MB): peak = 735.781 ; gain = 115.340
file mkdir C:/Users/Davi Mendes/Documents/PED/PED-2017.1-ULA/ULA/ULA.srcs/sources_1/new
can't create directory "C:/Users/Davi": permission denied
file mkdir C:/Users/Davi Mendes/Documents/PED/PED-2017.1-ULA/ULA/ULA.srcs/sources_1/new
can't create directory "C:/Users/Davi": permission denied
file mkdir C:/Users/Davi Mendes/Documents/PED/PED-2017.1-ULA/ULA/ULA.srcs/sources_1/new
can't create directory "C:/Users/Davi": permission denied
file mkdir C:/Users/Davi Mendes/Documents/PED/PED-2017.1-ULA/ULA/ULA.srcs/sources_1/new
can't create directory "C:/Users/Davi": permission denied
file mkdir C:/Users/Davi Mendes/Documents/PED/PED-2017.1-ULA/ULA/ULA.srcs/sources_1/new
can't create directory "C:/Users/Davi": permission denied
file mkdir C:/Users/Davi Mendes/Documents/PED/PED-2017.1-ULA/ULA/ULA.srcs/sources_1/new
can't create directory "C:/Users/Davi": permission denied
file mkdir {C:/Users/Davi Mendes/Documents/PED/PED-2017.1-ULA/ULA/ULA.srcs/sources_1/new}
close [ open {C:/Users/Davi Mendes/Documents/PED/PED-2017.1-ULA/ULA/ULA.srcs/sources_1/new/ULAmain.vhd} w ]
add_files {{C:/Users/Davi Mendes/Documents/PED/PED-2017.1-ULA/ULA/ULA.srcs/sources_1/new/ULAmain.vhd}}
close [ open {C:/Users/Davi Mendes/Documents/PED/PED-2017.1-ULA/ULA/ULA.srcs/sources_1/new/SEGconversor.vhd} w ]
add_files {{C:/Users/Davi Mendes/Documents/PED/PED-2017.1-ULA/ULA/ULA.srcs/sources_1/new/SEGconversor.vhd}}
open_project {C:/Users/Davi Mendes/Documents/PED/Questao_2_Davi_Mendes_160026415/Questao_2_Davi_Mendes_160026415.xpr}
Scanning sources...
Finished scanning sources
INFO: [IP_Flow 19-234] Refreshing IP repositories
INFO: [IP_Flow 19-1704] No user IP repositories specified
INFO: [IP_Flow 19-2313] Loaded Vivado IP repository 'C:/Vivado/2016.4/data/ip'.
open_project: Time (s): cpu = 00:00:08 ; elapsed = 00:00:05 . Memory (MB): peak = 860.891 ; gain = 8.480
close_project
remove_files  {{C:/Users/Davi Mendes/Documents/PED/PED-2017.1-ULA/ULA/ULA.srcs/sources_1/new/SEGconversor.vhd}}
import_files -norecurse {{C:/Users/Davi Mendes/Documents/PED/ULA/bcdHexadecimal.vhd} {C:/Users/Davi Mendes/Documents/PED/ULA/bcdOctal.vhd} {C:/Users/Davi Mendes/Documents/PED/ULA/bcdDecimal.vhd}}
import_files -norecurse {{C:/Users/Davi Mendes/Documents/PED/ULA/bcdBinario.vhd}}
